2019-08-19 14:47:46.033  INFO 5876 --- [main] c.l.o.OrderPlatformApplication           : Starting OrderPlatformApplication on LAPTOP-DA16N050 with PID 5876 (D:\code\orderPlatform\target\classes started by 游林夕 in D:\code\orderPlatform)
2019-08-19 14:47:46.060  INFO 5876 --- [main] c.l.o.OrderPlatformApplication           : The following profiles are active: other
2019-08-19 14:47:50.221  INFO 5876 --- [main] o.s.b.w.embedded.tomcat.TomcatWebServer  : Tomcat initialized with port(s): 8080 (http)
2019-08-19 14:47:50.434  INFO 5876 --- [main] o.apache.catalina.core.StandardService   : Starting service [Tomcat]
2019-08-19 14:47:50.434  INFO 5876 --- [main] org.apache.catalina.core.StandardEngine  : Starting Servlet engine: [Apache Tomcat/9.0.22]
2019-08-19 14:47:50.922  INFO 5876 --- [main] o.a.c.c.C.[Tomcat].[localhost].[/]       : Initializing Spring embedded WebApplicationContext
2019-08-19 14:47:50.923  INFO 5876 --- [main] o.s.web.context.ContextLoader            : Root WebApplicationContext: initialization completed in 4615 ms
2019-08-19 14:47:51.531  INFO 5876 --- [main] o.s.s.concurrent.ThreadPoolTaskExecutor  : Initializing ExecutorService 'applicationTaskExecutor'
2019-08-19 14:47:52.031 ERROR 5876 --- [main] org.apache.catalina.util.LifecycleBase   : Failed to start component [Connector[HTTP/1.1-8080]]

org.apache.catalina.LifecycleException: Protocol handler start failed
	at org.apache.catalina.connector.Connector.startInternal(Connector.java:1008) ~[tomcat-embed-core-9.0.22.jar:9.0.22]
	at org.apache.catalina.util.LifecycleBase.start(LifecycleBase.java:183) ~[tomcat-embed-core-9.0.22.jar:9.0.22]
	at org.apache.catalina.core.StandardService.addConnector(StandardService.java:227) [tomcat-embed-core-9.0.22.jar:9.0.22]
	at org.springframework.boot.web.embedded.tomcat.TomcatWebServer.addPreviouslyRemovedConnectors(TomcatWebServer.java:263) [spring-boot-2.1.7.RELEASE.jar:2.1.7.RELEASE]
	at org.springframework.boot.web.embedded.tomcat.TomcatWebServer.start(TomcatWebServer.java:195) [spring-boot-2.1.7.RELEASE.jar:2.1.7.RELEASE]
	at org.springframework.boot.web.servlet.context.ServletWebServerApplicationContext.startWebServer(ServletWebServerApplicationContext.java:297) [spring-boot-2.1.7.RELEASE.jar:2.1.7.RELEASE]
	at org.springframework.boot.web.servlet.context.ServletWebServerApplicationContext.finishRefresh(ServletWebServerApplicationContext.java:163) [spring-boot-2.1.7.RELEASE.jar:2.1.7.RELEASE]
	at org.springframework.context.support.AbstractApplicationContext.refresh(AbstractApplicationContext.java:552) [spring-context-5.1.9.RELEASE.jar:5.1.9.RELEASE]
	at org.springframework.boot.web.servlet.context.ServletWebServerApplicationContext.refresh(ServletWebServerApplicationContext.java:141) [spring-boot-2.1.7.RELEASE.jar:2.1.7.RELEASE]
	at org.springframework.boot.SpringApplication.refresh(SpringApplication.java:743) [spring-boot-2.1.7.RELEASE.jar:2.1.7.RELEASE]
	at org.springframework.boot.SpringApplication.refreshContext(SpringApplication.java:390) [spring-boot-2.1.7.RELEASE.jar:2.1.7.RELEASE]
	at org.springframework.boot.SpringApplication.run(SpringApplication.java:312) [spring-boot-2.1.7.RELEASE.jar:2.1.7.RELEASE]
	at org.springframework.boot.SpringApplication.run(SpringApplication.java:1214) [spring-boot-2.1.7.RELEASE.jar:2.1.7.RELEASE]
	at org.springframework.boot.SpringApplication.run(SpringApplication.java:1203) [spring-boot-2.1.7.RELEASE.jar:2.1.7.RELEASE]
	at com.lx.orderPlatform.OrderPlatformApplication.main(OrderPlatformApplication.java:22) [classes/:na]
Caused by: java.net.BindException: Address already in use: bind
	at sun.nio.ch.Net.bind0(Native Method) ~[na:1.8.0_45]
	at sun.nio.ch.Net.bind(Net.java:437) ~[na:1.8.0_45]
	at sun.nio.ch.Net.bind(Net.java:429) ~[na:1.8.0_45]
	at sun.nio.ch.ServerSocketChannelImpl.bind(ServerSocketChannelImpl.java:223) ~[na:1.8.0_45]
	at sun.nio.ch.ServerSocketAdaptor.bind(ServerSocketAdaptor.java:74) ~[na:1.8.0_45]
	at org.apache.tomcat.util.net.NioEndpoint.initServerSocket(NioEndpoint.java:230) ~[tomcat-embed-core-9.0.22.jar:9.0.22]
	at org.apache.tomcat.util.net.NioEndpoint.bind(NioEndpoint.java:213) ~[tomcat-embed-core-9.0.22.jar:9.0.22]
	at org.apache.tomcat.util.net.AbstractEndpoint.bindWithCleanup(AbstractEndpoint.java:1124) ~[tomcat-embed-core-9.0.22.jar:9.0.22]
	at org.apache.tomcat.util.net.AbstractEndpoint.start(AbstractEndpoint.java:1210) ~[tomcat-embed-core-9.0.22.jar:9.0.22]
	at org.apache.coyote.AbstractProtocol.start(AbstractProtocol.java:585) ~[tomcat-embed-core-9.0.22.jar:9.0.22]
	at org.apache.catalina.connector.Connector.startInternal(Connector.java:1005) ~[tomcat-embed-core-9.0.22.jar:9.0.22]
	... 14 common frames omitted

2019-08-19 14:47:52.038  INFO 5876 --- [main] o.apache.catalina.core.StandardService   : Stopping service [Tomcat]
2019-08-19 14:47:52.047  INFO 5876 --- [main] ConditionEvaluationReportLoggingListener : 

Error starting ApplicationContext. To display the conditions report re-run your application with 'debug' enabled.
2019-08-19 14:47:52.049 ERROR 5876 --- [main] o.s.b.d.LoggingFailureAnalysisReporter   : 

***************************
APPLICATION FAILED TO START
***************************

Description:

The Tomcat connector configured to listen on port 8080 failed to start. The port may already be in use or the connector may be misconfigured.

Action:

Verify the connector's configuration, identify and stop any process that's listening on port 8080, or configure this application to listen on another port.

2019-08-19 14:47:52.051  INFO 5876 --- [main] o.s.s.concurrent.ThreadPoolTaskExecutor  : Shutting down ExecutorService 'applicationTaskExecutor'
2019-08-19 14:48:11.260  INFO 16060 --- [main] c.l.o.OrderPlatformApplication           : Starting OrderPlatformApplication on LAPTOP-DA16N050 with PID 16060 (D:\code\orderPlatform\target\classes started by 游林夕 in D:\code\orderPlatform)
2019-08-19 14:48:11.266  INFO 16060 --- [main] c.l.o.OrderPlatformApplication           : The following profiles are active: other
2019-08-19 14:48:13.146  INFO 16060 --- [main] o.s.b.w.embedded.tomcat.TomcatWebServer  : Tomcat initialized with port(s): 8081 (http)
2019-08-19 14:48:13.188  INFO 16060 --- [main] o.apache.catalina.core.StandardService   : Starting service [Tomcat]
2019-08-19 14:48:13.189  INFO 16060 --- [main] org.apache.catalina.core.StandardEngine  : Starting Servlet engine: [Apache Tomcat/9.0.22]
2019-08-19 14:48:13.364  INFO 16060 --- [main] o.a.c.c.C.[Tomcat].[localhost].[/]       : Initializing Spring embedded WebApplicationContext
2019-08-19 14:48:13.364  INFO 16060 --- [main] o.s.web.context.ContextLoader            : Root WebApplicationContext: initialization completed in 2009 ms
2019-08-19 14:48:13.697  INFO 16060 --- [main] o.s.s.concurrent.ThreadPoolTaskExecutor  : Initializing ExecutorService 'applicationTaskExecutor'
2019-08-19 14:48:14.145  INFO 16060 --- [main] o.s.b.w.embedded.tomcat.TomcatWebServer  : Tomcat started on port(s): 8081 (http) with context path ''
2019-08-19 14:48:14.149  INFO 16060 --- [main] c.l.o.OrderPlatformApplication           : Started OrderPlatformApplication in 3.719 seconds (JVM running for 4.392)
2019-08-19 14:52:13.141  INFO 7340 --- [main] c.l.o.OrderPlatformApplication           : Starting OrderPlatformApplication on LAPTOP-DA16N050 with PID 7340 (D:\code\orderPlatform\target\classes started by 游林夕 in D:\code\orderPlatform)
2019-08-19 14:52:13.149  INFO 7340 --- [main] c.l.o.OrderPlatformApplication           : The following profiles are active: other
2019-08-19 14:52:15.135  INFO 7340 --- [main] o.s.b.w.embedded.tomcat.TomcatWebServer  : Tomcat initialized with port(s): 8081 (http)
2019-08-19 14:52:15.188  INFO 7340 --- [main] o.apache.catalina.core.StandardService   : Starting service [Tomcat]
2019-08-19 14:52:15.188  INFO 7340 --- [main] org.apache.catalina.core.StandardEngine  : Starting Servlet engine: [Apache Tomcat/9.0.22]
2019-08-19 14:52:15.367  INFO 7340 --- [main] o.a.c.c.C.[Tomcat].[localhost].[/]       : Initializing Spring embedded WebApplicationContext
2019-08-19 14:52:15.368  INFO 7340 --- [main] o.s.web.context.ContextLoader            : Root WebApplicationContext: initialization completed in 2125 ms
2019-08-19 14:52:15.719  INFO 7340 --- [main] o.s.s.concurrent.ThreadPoolTaskExecutor  : Initializing ExecutorService 'applicationTaskExecutor'
2019-08-19 14:52:16.086  INFO 7340 --- [main] o.s.b.w.embedded.tomcat.TomcatWebServer  : Tomcat started on port(s): 8081 (http) with context path ''
2019-08-19 14:52:16.090  INFO 7340 --- [main] c.l.o.OrderPlatformApplication           : Started OrderPlatformApplication in 3.805 seconds (JVM running for 4.489)
